[0.976s] Invoking command in '/home/caccioro/Documents/Ponderadas/src/TurtlebotPond': PS1=(venv) PYTHONPATH=/home/caccioro/Documents/Ponderadas/build/TurtlebotPond/prefix_override:/home/caccioro/Documents/Ponderadas/install/TurtlebotPond/lib/python3.10/site-packages:${PYTHONPATH} VIRTUAL_ENV_PROMPT=(venv) /usr/bin/python3 -W ignore:setup.py install is deprecated setup.py egg_info --egg-base ../../build/TurtlebotPond build --build-base /home/caccioro/Documents/Ponderadas/build/TurtlebotPond/build install --record /home/caccioro/Documents/Ponderadas/build/TurtlebotPond/install.log --single-version-externally-managed install_data
[1.263s] running egg_info
[1.265s] writing ../../build/TurtlebotPond/TurtlebotPond.egg-info/PKG-INFO
[1.265s] writing dependency_links to ../../build/TurtlebotPond/TurtlebotPond.egg-info/dependency_links.txt
[1.266s] writing entry points to ../../build/TurtlebotPond/TurtlebotPond.egg-info/entry_points.txt
[1.267s] writing requirements to ../../build/TurtlebotPond/TurtlebotPond.egg-info/requires.txt
[1.269s] writing top-level names to ../../build/TurtlebotPond/TurtlebotPond.egg-info/top_level.txt
[1.272s] reading manifest file '../../build/TurtlebotPond/TurtlebotPond.egg-info/SOURCES.txt'
[1.274s] writing manifest file '../../build/TurtlebotPond/TurtlebotPond.egg-info/SOURCES.txt'
[1.275s] running build
[1.275s] running build_py
[1.275s] copying TurtlebotPond/Ponderada.py -> /home/caccioro/Documents/Ponderadas/build/TurtlebotPond/build/lib/TurtlebotPond
[1.275s] running install
[1.276s] running install_lib
[1.277s] copying /home/caccioro/Documents/Ponderadas/build/TurtlebotPond/build/lib/TurtlebotPond/Ponderada.py -> /home/caccioro/Documents/Ponderadas/install/TurtlebotPond/lib/python3.10/site-packages/TurtlebotPond
[1.277s] byte-compiling /home/caccioro/Documents/Ponderadas/install/TurtlebotPond/lib/python3.10/site-packages/TurtlebotPond/Ponderada.py to Ponderada.cpython-310.pyc
[1.279s] running install_data
[1.279s] running install_egg_info
[1.281s] removing '/home/caccioro/Documents/Ponderadas/install/TurtlebotPond/lib/python3.10/site-packages/TurtlebotPond-0.0.0-py3.10.egg-info' (and everything under it)
[1.282s] Copying ../../build/TurtlebotPond/TurtlebotPond.egg-info to /home/caccioro/Documents/Ponderadas/install/TurtlebotPond/lib/python3.10/site-packages/TurtlebotPond-0.0.0-py3.10.egg-info
[1.283s] running install_scripts
[1.305s] Installing turtlebot script to /home/caccioro/Documents/Ponderadas/install/TurtlebotPond/lib/TurtlebotPond
[1.306s] writing list of installed files to '/home/caccioro/Documents/Ponderadas/build/TurtlebotPond/install.log'
[1.332s] Invoked command in '/home/caccioro/Documents/Ponderadas/src/TurtlebotPond' returned '0': PS1=(venv) PYTHONPATH=/home/caccioro/Documents/Ponderadas/build/TurtlebotPond/prefix_override:/home/caccioro/Documents/Ponderadas/install/TurtlebotPond/lib/python3.10/site-packages:${PYTHONPATH} VIRTUAL_ENV_PROMPT=(venv) /usr/bin/python3 -W ignore:setup.py install is deprecated setup.py egg_info --egg-base ../../build/TurtlebotPond build --build-base /home/caccioro/Documents/Ponderadas/build/TurtlebotPond/build install --record /home/caccioro/Documents/Ponderadas/build/TurtlebotPond/install.log --single-version-externally-managed install_data
