[0.954s] Invoking command in '/home/caccioro/Documents/Ponderadas/src/TurtlebotPond': PS1=(venv) PYTHONPATH=/home/caccioro/Documents/Ponderadas/build/TurtlebotPond/prefix_override:/home/caccioro/Documents/Ponderadas/install/TurtlebotPond/lib/python3.10/site-packages:${PYTHONPATH} VIRTUAL_ENV_PROMPT=(venv) /usr/bin/python3 -W ignore:setup.py install is deprecated setup.py egg_info --egg-base ../../build/TurtlebotPond build --build-base /home/caccioro/Documents/Ponderadas/build/TurtlebotPond/build install --record /home/caccioro/Documents/Ponderadas/build/TurtlebotPond/install.log --single-version-externally-managed install_data
[1.225s] running egg_info
[1.226s] writing ../../build/TurtlebotPond/TurtlebotPond.egg-info/PKG-INFO
[1.227s] writing dependency_links to ../../build/TurtlebotPond/TurtlebotPond.egg-info/dependency_links.txt
[1.246s] writing entry points to ../../build/TurtlebotPond/TurtlebotPond.egg-info/entry_points.txt
[1.246s] writing requirements to ../../build/TurtlebotPond/TurtlebotPond.egg-info/requires.txt
[1.246s] writing top-level names to ../../build/TurtlebotPond/TurtlebotPond.egg-info/top_level.txt
[1.246s] reading manifest file '../../build/TurtlebotPond/TurtlebotPond.egg-info/SOURCES.txt'
[1.247s] writing manifest file '../../build/TurtlebotPond/TurtlebotPond.egg-info/SOURCES.txt'
[1.247s] running build
[1.247s] running build_py
[1.247s] copying TurtlebotPond/Ponderada.py -> /home/caccioro/Documents/Ponderadas/build/TurtlebotPond/build/lib/TurtlebotPond
[1.251s] running install
[1.251s] running install_lib
[1.251s] copying /home/caccioro/Documents/Ponderadas/build/TurtlebotPond/build/lib/TurtlebotPond/Ponderada.py -> /home/caccioro/Documents/Ponderadas/install/TurtlebotPond/lib/python3.10/site-packages/TurtlebotPond
[1.251s] byte-compiling /home/caccioro/Documents/Ponderadas/install/TurtlebotPond/lib/python3.10/site-packages/TurtlebotPond/Ponderada.py to Ponderada.cpython-310.pyc
[1.252s] running install_data
[1.252s] running install_egg_info
[1.254s] removing '/home/caccioro/Documents/Ponderadas/install/TurtlebotPond/lib/python3.10/site-packages/TurtlebotPond-0.0.0-py3.10.egg-info' (and everything under it)
[1.254s] Copying ../../build/TurtlebotPond/TurtlebotPond.egg-info to /home/caccioro/Documents/Ponderadas/install/TurtlebotPond/lib/python3.10/site-packages/TurtlebotPond-0.0.0-py3.10.egg-info
[1.256s] running install_scripts
[1.283s] Installing turtlebot script to /home/caccioro/Documents/Ponderadas/install/TurtlebotPond/lib/TurtlebotPond
[1.284s] writing list of installed files to '/home/caccioro/Documents/Ponderadas/build/TurtlebotPond/install.log'
[1.317s] Invoked command in '/home/caccioro/Documents/Ponderadas/src/TurtlebotPond' returned '0': PS1=(venv) PYTHONPATH=/home/caccioro/Documents/Ponderadas/build/TurtlebotPond/prefix_override:/home/caccioro/Documents/Ponderadas/install/TurtlebotPond/lib/python3.10/site-packages:${PYTHONPATH} VIRTUAL_ENV_PROMPT=(venv) /usr/bin/python3 -W ignore:setup.py install is deprecated setup.py egg_info --egg-base ../../build/TurtlebotPond build --build-base /home/caccioro/Documents/Ponderadas/build/TurtlebotPond/build install --record /home/caccioro/Documents/Ponderadas/build/TurtlebotPond/install.log --single-version-externally-managed install_data
