[1.112s] Invoking command in '/home/caccioro/Documents/Ponderadas/src/TurtlebotPond': PS1=(venv) PYTHONPATH=/home/caccioro/Documents/Ponderadas/build/TurtlebotPond/prefix_override:/home/caccioro/Documents/Ponderadas/install/TurtlebotPond/lib/python3.10/site-packages:${PYTHONPATH} VIRTUAL_ENV_PROMPT=(venv) /usr/bin/python3 -W ignore:setup.py install is deprecated setup.py egg_info --egg-base ../../build/TurtlebotPond build --build-base /home/caccioro/Documents/Ponderadas/build/TurtlebotPond/build install --record /home/caccioro/Documents/Ponderadas/build/TurtlebotPond/install.log --single-version-externally-managed install_data
[1.375s] running egg_info
[1.375s] writing ../../build/TurtlebotPond/TurtlebotPond.egg-info/PKG-INFO
[1.376s] writing dependency_links to ../../build/TurtlebotPond/TurtlebotPond.egg-info/dependency_links.txt
[1.376s] writing entry points to ../../build/TurtlebotPond/TurtlebotPond.egg-info/entry_points.txt
[1.376s] writing requirements to ../../build/TurtlebotPond/TurtlebotPond.egg-info/requires.txt
[1.376s] writing top-level names to ../../build/TurtlebotPond/TurtlebotPond.egg-info/top_level.txt
[1.378s] reading manifest file '../../build/TurtlebotPond/TurtlebotPond.egg-info/SOURCES.txt'
[1.381s] writing manifest file '../../build/TurtlebotPond/TurtlebotPond.egg-info/SOURCES.txt'
[1.381s] running build
[1.381s] running build_py
[1.382s] running install
[1.382s] running install_lib
[1.384s] running install_data
[1.384s] running install_egg_info
[1.386s] removing '/home/caccioro/Documents/Ponderadas/install/TurtlebotPond/lib/python3.10/site-packages/TurtlebotPond-0.0.0-py3.10.egg-info' (and everything under it)
[1.387s] Copying ../../build/TurtlebotPond/TurtlebotPond.egg-info to /home/caccioro/Documents/Ponderadas/install/TurtlebotPond/lib/python3.10/site-packages/TurtlebotPond-0.0.0-py3.10.egg-info
[1.388s] running install_scripts
[1.407s] Installing turtlebot script to /home/caccioro/Documents/Ponderadas/install/TurtlebotPond/lib/TurtlebotPond
[1.409s] writing list of installed files to '/home/caccioro/Documents/Ponderadas/build/TurtlebotPond/install.log'
[1.466s] Invoked command in '/home/caccioro/Documents/Ponderadas/src/TurtlebotPond' returned '0': PS1=(venv) PYTHONPATH=/home/caccioro/Documents/Ponderadas/build/TurtlebotPond/prefix_override:/home/caccioro/Documents/Ponderadas/install/TurtlebotPond/lib/python3.10/site-packages:${PYTHONPATH} VIRTUAL_ENV_PROMPT=(venv) /usr/bin/python3 -W ignore:setup.py install is deprecated setup.py egg_info --egg-base ../../build/TurtlebotPond build --build-base /home/caccioro/Documents/Ponderadas/build/TurtlebotPond/build install --record /home/caccioro/Documents/Ponderadas/build/TurtlebotPond/install.log --single-version-externally-managed install_data
